[2022-01-14 23:15:28,810: INFO: 01_base_model_creation]: 
********************
[2022-01-14 23:15:28,810: INFO: 01_base_model_creation]: >>>>> stage creating base model started <<<<<
[2022-01-14 23:15:28,811: INFO: common]: yaml file: configs/config.yaml loaded successfully
[2022-01-14 23:15:29,451: ERROR: 01_base_model_creation]: module 'keras.api._v2.keras' has no attribute 'dataset'
Traceback (most recent call last):
  File "src/01_base_model_creation.py", line 88, in <module>
    main(config_path=parsed_args.config, params_path=parsed_args.params)
  File "src/01_base_model_creation.py", line 29, in main
    (X_train_full, y_train_full), (X_test, y_test) = tf.keras.dataset.mnist.load_data()
  File "C:\Users\suraj\anaconda3\lib\site-packages\tensorflow\python\util\lazy_loader.py", line 63, in __getattr__
    return getattr(module, item)
AttributeError: module 'keras.api._v2.keras' has no attribute 'dataset'
[2022-01-14 23:18:38,760: INFO: 01_base_model_creation]: 
********************
[2022-01-14 23:18:38,760: INFO: 01_base_model_creation]: >>>>> stage creating base model started <<<<<
[2022-01-14 23:18:38,762: INFO: common]: yaml file: configs/config.yaml loaded successfully
[2022-01-14 23:18:39,404: ERROR: 01_base_model_creation]: module 'keras.api._v2.keras.layers' has no attribute 'flatten'
Traceback (most recent call last):
  File "src/01_base_model_creation.py", line 88, in <module>
    main(config_path=parsed_args.config, params_path=parsed_args.params)
  File "src/01_base_model_creation.py", line 41, in main
    tf.keras.layers.flatten(input=[28,28], name="input_layer"),
AttributeError: module 'keras.api._v2.keras.layers' has no attribute 'flatten'
[2022-01-14 23:19:18,710: INFO: 01_base_model_creation]: 
********************
[2022-01-14 23:19:18,710: INFO: 01_base_model_creation]: >>>>> stage creating base model started <<<<<
[2022-01-14 23:19:18,710: INFO: common]: yaml file: configs/config.yaml loaded successfully
[2022-01-14 23:19:19,424: ERROR: 01_base_model_creation]: ('Keyword argument not understood:', 'input')
Traceback (most recent call last):
  File "src/01_base_model_creation.py", line 88, in <module>
    main(config_path=parsed_args.config, params_path=parsed_args.params)
  File "src/01_base_model_creation.py", line 41, in main
    tf.keras.layers.Flatten(input=[28,28], name="input_layer"),
  File "C:\Users\suraj\anaconda3\lib\site-packages\keras\layers\core.py", line 638, in __init__
    super(Flatten, self).__init__(**kwargs)
  File "C:\Users\suraj\anaconda3\lib\site-packages\tensorflow\python\training\tracking\base.py", line 530, in _method_wrapper
    result = method(self, *args, **kwargs)
  File "C:\Users\suraj\anaconda3\lib\site-packages\keras\engine\base_layer.py", line 323, in __init__
    generic_utils.validate_kwargs(kwargs, allowed_kwargs)
  File "C:\Users\suraj\anaconda3\lib\site-packages\keras\utils\generic_utils.py", line 1143, in validate_kwargs
    raise TypeError(error_message, kwarg)
TypeError: ('Keyword argument not understood:', 'input')
[2022-01-14 23:21:23,804: INFO: 01_base_model_creation]: 
********************
[2022-01-14 23:21:23,804: INFO: 01_base_model_creation]: >>>>> stage creating base model started <<<<<
[2022-01-14 23:21:23,805: INFO: common]: yaml file: configs/config.yaml loaded successfully
[2022-01-14 23:21:24,484: ERROR: 01_base_model_creation]: module 'keras.api._v2.keras' has no attribute 'LeakyRelu'
Traceback (most recent call last):
  File "src/01_base_model_creation.py", line 88, in <module>
    main(config_path=parsed_args.config, params_path=parsed_args.params)
  File "src/01_base_model_creation.py", line 43, in main
    tf.keras.LeakyRelu(),
AttributeError: module 'keras.api._v2.keras' has no attribute 'LeakyRelu'
[2022-01-14 23:21:53,106: INFO: 01_base_model_creation]: 
********************
[2022-01-14 23:21:53,106: INFO: 01_base_model_creation]: >>>>> stage creating base model started <<<<<
[2022-01-14 23:21:53,106: INFO: common]: yaml file: configs/config.yaml loaded successfully
[2022-01-14 23:21:53,723: ERROR: 01_base_model_creation]: module 'keras.api._v2.keras' has no attribute 'activation'
Traceback (most recent call last):
  File "src/01_base_model_creation.py", line 88, in <module>
    main(config_path=parsed_args.config, params_path=parsed_args.params)
  File "src/01_base_model_creation.py", line 43, in main
    tf.keras.activation.LeakyRelu(),
AttributeError: module 'keras.api._v2.keras' has no attribute 'activation'
[2022-01-14 23:22:16,908: INFO: 01_base_model_creation]: 
********************
[2022-01-14 23:22:16,908: INFO: 01_base_model_creation]: >>>>> stage creating base model started <<<<<
[2022-01-14 23:22:16,909: INFO: common]: yaml file: configs/config.yaml loaded successfully
[2022-01-14 23:22:17,476: ERROR: 01_base_model_creation]: module 'keras.api._v2.keras.layers' has no attribute 'LeakyRelu'
Traceback (most recent call last):
  File "src/01_base_model_creation.py", line 88, in <module>
    main(config_path=parsed_args.config, params_path=parsed_args.params)
  File "src/01_base_model_creation.py", line 43, in main
    tf.keras.layers.LeakyRelu(),
AttributeError: module 'keras.api._v2.keras.layers' has no attribute 'LeakyRelu'
[2022-01-14 23:23:00,555: INFO: 01_base_model_creation]: 
********************
[2022-01-14 23:23:00,555: INFO: 01_base_model_creation]: >>>>> stage creating base model started <<<<<
[2022-01-14 23:23:00,556: INFO: common]: yaml file: configs/config.yaml loaded successfully
[2022-01-14 23:23:01,149: ERROR: 01_base_model_creation]: module 'keras.api._v2.keras.models' has no attribute 'sequential'
Traceback (most recent call last):
  File "src/01_base_model_creation.py", line 88, in <module>
    main(config_path=parsed_args.config, params_path=parsed_args.params)
  File "src/01_base_model_creation.py", line 49, in main
    model = tf.keras.models.sequential(LAYERS)
AttributeError: module 'keras.api._v2.keras.models' has no attribute 'sequential'
[2022-01-14 23:23:20,845: INFO: 01_base_model_creation]: 
********************
[2022-01-14 23:23:20,845: INFO: 01_base_model_creation]: >>>>> stage creating base model started <<<<<
[2022-01-14 23:23:20,846: INFO: common]: yaml file: configs/config.yaml loaded successfully
[2022-01-14 23:23:21,657: INFO: 01_base_model_creation]: base model summary: 
 Model: "sequential"
_________________________________________________________________
Layer (type)                 Output Shape              Param #   
=================================================================
input_layer (Flatten)        (None, 784)               0         
_________________________________________________________________
hidden_layer_1 (Dense)       (None, 300)               235500    
_________________________________________________________________
leaky_re_lu (LeakyReLU)      (None, 300)               0         
_________________________________________________________________
hidden_layer_2 (Dense)       (None, 100)               30100     
_________________________________________________________________
leaky_re_lu_1 (LeakyReLU)    (None, 100)               0         
_________________________________________________________________
output_layer (Dense)         (None, 10)                1010      
=================================================================
Total params: 266,610
Trainable params: 266,610
Non-trainable params: 0
_________________________________________________________________

[2022-01-14 23:23:57,385: INFO: common]: created directory at: artifacts\models
[2022-01-14 23:23:57,426: INFO: 01_base_model_creation]: the base model is saved at artifacts\models\base_model.h5
[2022-01-14 23:23:57,455: INFO: 01_base_model_creation]: >>>>> stage creating base model completed!<<<<<

[2022-01-14 23:29:48,139: INFO: 01_base_model_creation]: 
********************
[2022-01-14 23:29:48,139: INFO: 01_base_model_creation]: >>>>> stage creating base model started <<<<<
[2022-01-14 23:29:48,140: INFO: common]: yaml file: configs/config.yaml loaded successfully
[2022-01-14 23:29:49,626: INFO: 01_base_model_creation]: base model summary: 
 Model: "sequential"
_________________________________________________________________
Layer (type)                 Output Shape              Param #   
=================================================================
input_layer (Flatten)        (None, 784)               0         
_________________________________________________________________
hidden_layer_1 (Dense)       (None, 300)               235500    
_________________________________________________________________
leaky_re_lu (LeakyReLU)      (None, 300)               0         
_________________________________________________________________
hidden_layer_2 (Dense)       (None, 100)               30100     
_________________________________________________________________
leaky_re_lu_1 (LeakyReLU)    (None, 100)               0         
_________________________________________________________________
output_layer (Dense)         (None, 10)                1010      
=================================================================
Total params: 266,610
Trainable params: 266,610
Non-trainable params: 0
_________________________________________________________________

[2022-01-14 23:29:50,673: INFO: 01_base_model_creation]: evaluation metrics: 
 [2.4169580936431885, 0.07339999824762344]
[2022-01-14 23:30:09,337: INFO: common]: created directory at: artifacts\models
[2022-01-14 23:30:09,470: INFO: 01_base_model_creation]: the base model is saved at artifacts\models\base_model.h5
[2022-01-14 23:30:09,493: INFO: 01_base_model_creation]: >>>>> stage creating base model completed!<<<<<

[2022-01-15 14:11:18,354: INFO: 02_transfer_learning_evnodd]: 
********************
[2022-01-15 14:11:18,354: INFO: 02_transfer_learning_evnodd]: >>>>> stage transfer learning started <<<<<
[2022-01-15 14:11:18,356: INFO: common]: yaml file: configs/config.yaml loaded successfully
[2022-01-15 14:11:19,392: INFO: 02_transfer_learning_evnodd]: loaded base model summary: 
Model: "sequential"
_________________________________________________________________
Layer (type)                 Output Shape              Param #   
=================================================================
input_layer (Flatten)        (None, 784)               0         
_________________________________________________________________
hidden_layer_1 (Dense)       (None, 300)               235500    
_________________________________________________________________
leaky_re_lu (LeakyReLU)      (None, 300)               0         
_________________________________________________________________
hidden_layer_2 (Dense)       (None, 100)               30100     
_________________________________________________________________
leaky_re_lu_1 (LeakyReLU)    (None, 100)               0         
_________________________________________________________________
output_layer (Dense)         (None, 10)                1010      
=================================================================
Total params: 266,610
Trainable params: 266,610
Non-trainable params: 0
_________________________________________________________________

[2022-01-15 14:11:19,434: INFO: 02_transfer_learning_evnodd]: >>>>> stage transfer learning completed!<<<<<

[2022-01-15 14:26:08,790: INFO: 02_transfer_learning_evnodd]: 
********************
[2022-01-15 14:26:08,877: INFO: 02_transfer_learning_evnodd]: >>>>> stage transfer learning started <<<<<
[2022-01-15 14:26:08,879: INFO: common]: yaml file: configs/config.yaml loaded successfully
[2022-01-15 14:26:09,810: INFO: 02_transfer_learning_evnodd]: loaded base model summary: 
Model: "sequential"
_________________________________________________________________
Layer (type)                 Output Shape              Param #   
=================================================================
input_layer (Flatten)        (None, 784)               0         
_________________________________________________________________
hidden_layer_1 (Dense)       (None, 300)               235500    
_________________________________________________________________
leaky_re_lu (LeakyReLU)      (None, 300)               0         
_________________________________________________________________
hidden_layer_2 (Dense)       (None, 100)               30100     
_________________________________________________________________
leaky_re_lu_1 (LeakyReLU)    (None, 100)               0         
_________________________________________________________________
output_layer (Dense)         (None, 10)                1010      
=================================================================
Total params: 266,610
Trainable params: 266,610
Non-trainable params: 0
_________________________________________________________________

[2022-01-15 14:26:09,854: INFO: 02_transfer_learning_evnodd]: >>>>> stage transfer learning completed!<<<<<

[2022-01-15 14:26:45,986: INFO: 02_transfer_learning_evnodd]: 
********************
[2022-01-15 14:26:45,986: INFO: 02_transfer_learning_evnodd]: >>>>> stage transfer learning started <<<<<
[2022-01-15 14:26:45,988: INFO: common]: yaml file: configs/config.yaml loaded successfully
[2022-01-15 14:26:46,736: INFO: 02_transfer_learning_evnodd]: loaded base model summary: 
Model: "sequential"
_________________________________________________________________
Layer (type)                 Output Shape              Param #   
=================================================================
input_layer (Flatten)        (None, 784)               0         
_________________________________________________________________
hidden_layer_1 (Dense)       (None, 300)               235500    
_________________________________________________________________
leaky_re_lu (LeakyReLU)      (None, 300)               0         
_________________________________________________________________
hidden_layer_2 (Dense)       (None, 100)               30100     
_________________________________________________________________
leaky_re_lu_1 (LeakyReLU)    (None, 100)               0         
_________________________________________________________________
output_layer (Dense)         (None, 10)                1010      
=================================================================
Total params: 266,610
Trainable params: 266,610
Non-trainable params: 0
_________________________________________________________________

[2022-01-15 14:26:46,771: INFO: 02_transfer_learning_evnodd]: >>>>> stage transfer learning completed!<<<<<

[2022-01-15 14:29:32,178: INFO: 02_transfer_learning_evnodd]: 
********************
[2022-01-15 14:29:32,178: INFO: 02_transfer_learning_evnodd]: >>>>> stage transfer learning started <<<<<
[2022-01-15 14:29:32,179: INFO: common]: yaml file: configs/config.yaml loaded successfully
[2022-01-15 14:29:33,507: INFO: 02_transfer_learning_evnodd]: loaded base model summary: 
Model: "sequential"
_________________________________________________________________
Layer (type)                 Output Shape              Param #   
=================================================================
input_layer (Flatten)        (None, 784)               0         
_________________________________________________________________
hidden_layer_1 (Dense)       (None, 300)               235500    
_________________________________________________________________
leaky_re_lu (LeakyReLU)      (None, 300)               0         
_________________________________________________________________
hidden_layer_2 (Dense)       (None, 100)               30100     
_________________________________________________________________
leaky_re_lu_1 (LeakyReLU)    (None, 100)               0         
_________________________________________________________________
output_layer (Dense)         (None, 10)                1010      
=================================================================
Total params: 266,610
Trainable params: 266,610
Non-trainable params: 0
_________________________________________________________________

[2022-01-15 14:29:33,528: INFO: 02_transfer_learning_evnodd]: loaded base model summary: 
Model: "sequential"
_________________________________________________________________
Layer (type)                 Output Shape              Param #   
=================================================================
input_layer (Flatten)        (None, 784)               0         
_________________________________________________________________
hidden_layer_1 (Dense)       (None, 300)               235500    
_________________________________________________________________
leaky_re_lu (LeakyReLU)      (None, 300)               0         
_________________________________________________________________
hidden_layer_2 (Dense)       (None, 100)               30100     
_________________________________________________________________
leaky_re_lu_1 (LeakyReLU)    (None, 100)               0         
_________________________________________________________________
output_layer (Dense)         (None, 2)                 202       
=================================================================
Total params: 265,802
Trainable params: 202
Non-trainable params: 265,600
_________________________________________________________________

[2022-01-15 14:29:33,564: INFO: 02_transfer_learning_evnodd]: >>>>> stage transfer learning completed!<<<<<

[2022-01-15 15:51:04,466: INFO: 02_transfer_learning_evnodd]: 
********************
[2022-01-15 15:51:04,466: INFO: 02_transfer_learning_evnodd]: >>>>> stage transfer learning started <<<<<
[2022-01-15 15:51:04,467: INFO: common]: yaml file: configs/config.yaml loaded successfully
[2022-01-15 15:51:05,451: INFO: 02_transfer_learning_evnodd]: loaded base model summary: 
Model: "sequential"
_________________________________________________________________
Layer (type)                 Output Shape              Param #   
=================================================================
input_layer (Flatten)        (None, 784)               0         
_________________________________________________________________
hidden_layer_1 (Dense)       (None, 300)               235500    
_________________________________________________________________
leaky_re_lu (LeakyReLU)      (None, 300)               0         
_________________________________________________________________
hidden_layer_2 (Dense)       (None, 100)               30100     
_________________________________________________________________
leaky_re_lu_1 (LeakyReLU)    (None, 100)               0         
_________________________________________________________________
output_layer (Dense)         (None, 10)                1010      
=================================================================
Total params: 266,610
Trainable params: 266,610
Non-trainable params: 0
_________________________________________________________________

[2022-01-15 15:51:05,472: INFO: 02_transfer_learning_evnodd]: loaded base model summary: 
Model: "sequential"
_________________________________________________________________
Layer (type)                 Output Shape              Param #   
=================================================================
input_layer (Flatten)        (None, 784)               0         
_________________________________________________________________
hidden_layer_1 (Dense)       (None, 300)               235500    
_________________________________________________________________
leaky_re_lu (LeakyReLU)      (None, 300)               0         
_________________________________________________________________
hidden_layer_2 (Dense)       (None, 100)               30100     
_________________________________________________________________
leaky_re_lu_1 (LeakyReLU)    (None, 100)               0         
_________________________________________________________________
output_layer (Dense)         (None, 2)                 202       
=================================================================
Total params: 265,802
Trainable params: 202
Non-trainable params: 265,600
_________________________________________________________________

[2022-01-15 15:51:19,999: ERROR: 02_transfer_learning_evnodd]: 'str' object has no attribute 'summary'
Traceback (most recent call last):
  File "src/02_transfer_learning_evnodd.py", line 96, in <module>
    main(config_path=parsed_args.config, params_path=parsed_args.params)
  File "src/02_transfer_learning_evnodd.py", line 83, in main
    logging.info(f"base model summary: \n {_log_model_summary(model_file_path)}")
  File "src/02_transfer_learning_evnodd.py", line 40, in _log_model_summary
    model.summary(print_fn= lambda x: stream.write(f"{x}\n"))
AttributeError: 'str' object has no attribute 'summary'
[2022-01-15 15:52:59,850: INFO: 02_transfer_learning_evnodd]: 
********************
[2022-01-15 15:52:59,851: INFO: 02_transfer_learning_evnodd]: >>>>> stage transfer learning started <<<<<
[2022-01-15 15:52:59,851: INFO: common]: yaml file: configs/config.yaml loaded successfully
[2022-01-15 15:53:00,581: INFO: 02_transfer_learning_evnodd]: loaded base model summary: 
Model: "sequential"
_________________________________________________________________
Layer (type)                 Output Shape              Param #   
=================================================================
input_layer (Flatten)        (None, 784)               0         
_________________________________________________________________
hidden_layer_1 (Dense)       (None, 300)               235500    
_________________________________________________________________
leaky_re_lu (LeakyReLU)      (None, 300)               0         
_________________________________________________________________
hidden_layer_2 (Dense)       (None, 100)               30100     
_________________________________________________________________
leaky_re_lu_1 (LeakyReLU)    (None, 100)               0         
_________________________________________________________________
output_layer (Dense)         (None, 10)                1010      
=================================================================
Total params: 266,610
Trainable params: 266,610
Non-trainable params: 0
_________________________________________________________________

[2022-01-15 15:53:00,601: INFO: 02_transfer_learning_evnodd]: loaded base model summary: 
Model: "sequential"
_________________________________________________________________
Layer (type)                 Output Shape              Param #   
=================================================================
input_layer (Flatten)        (None, 784)               0         
_________________________________________________________________
hidden_layer_1 (Dense)       (None, 300)               235500    
_________________________________________________________________
leaky_re_lu (LeakyReLU)      (None, 300)               0         
_________________________________________________________________
hidden_layer_2 (Dense)       (None, 100)               30100     
_________________________________________________________________
leaky_re_lu_1 (LeakyReLU)    (None, 100)               0         
_________________________________________________________________
output_layer (Dense)         (None, 2)                 202       
=================================================================
Total params: 265,802
Trainable params: 202
Non-trainable params: 265,600
_________________________________________________________________

[2022-01-15 15:53:14,222: ERROR: 02_transfer_learning_evnodd]: 'str' object has no attribute 'summary'
Traceback (most recent call last):
  File "src/02_transfer_learning_evnodd.py", line 95, in <module>
    main(config_path=parsed_args.config, params_path=parsed_args.params)
  File "src/02_transfer_learning_evnodd.py", line 82, in main
    logging.info(f"base model summary: \n {_log_model_summary(model_file_path)}")
  File "src/02_transfer_learning_evnodd.py", line 40, in _log_model_summary
    model.summary(print_fn= lambda x: stream.write(f"{x}\n"))
AttributeError: 'str' object has no attribute 'summary'
[2022-01-15 15:55:06,645: INFO: 02_transfer_learning_evnodd]: 
********************
[2022-01-15 15:55:06,645: INFO: 02_transfer_learning_evnodd]: >>>>> stage transfer learning started <<<<<
[2022-01-15 15:55:06,646: INFO: common]: yaml file: configs/config.yaml loaded successfully
[2022-01-15 15:55:07,385: INFO: 02_transfer_learning_evnodd]: loaded base model summary: 
Model: "sequential"
_________________________________________________________________
Layer (type)                 Output Shape              Param #   
=================================================================
input_layer (Flatten)        (None, 784)               0         
_________________________________________________________________
hidden_layer_1 (Dense)       (None, 300)               235500    
_________________________________________________________________
leaky_re_lu (LeakyReLU)      (None, 300)               0         
_________________________________________________________________
hidden_layer_2 (Dense)       (None, 100)               30100     
_________________________________________________________________
leaky_re_lu_1 (LeakyReLU)    (None, 100)               0         
_________________________________________________________________
output_layer (Dense)         (None, 10)                1010      
=================================================================
Total params: 266,610
Trainable params: 266,610
Non-trainable params: 0
_________________________________________________________________

[2022-01-15 15:55:07,406: INFO: 02_transfer_learning_evnodd]: loaded base model summary: 
Model: "sequential"
_________________________________________________________________
Layer (type)                 Output Shape              Param #   
=================================================================
input_layer (Flatten)        (None, 784)               0         
_________________________________________________________________
hidden_layer_1 (Dense)       (None, 300)               235500    
_________________________________________________________________
leaky_re_lu (LeakyReLU)      (None, 300)               0         
_________________________________________________________________
hidden_layer_2 (Dense)       (None, 100)               30100     
_________________________________________________________________
leaky_re_lu_1 (LeakyReLU)    (None, 100)               0         
_________________________________________________________________
output_layer (Dense)         (None, 2)                 202       
=================================================================
Total params: 265,802
Trainable params: 202
Non-trainable params: 265,600
_________________________________________________________________

[2022-01-15 15:55:20,367: ERROR: 02_transfer_learning_evnodd]: 'str' object has no attribute 'summary'
Traceback (most recent call last):
  File "src/02_transfer_learning_evnodd.py", line 96, in <module>
    main(config_path=parsed_args.config, params_path=parsed_args.params)
  File "src/02_transfer_learning_evnodd.py", line 83, in main
    logging.info(f"base model summary: \n {_log_model_summary(model_file_path)}")
  File "src/02_transfer_learning_evnodd.py", line 40, in _log_model_summary
    model.summary(print_fn= lambda x: stream.write(f"{x}\n"))
AttributeError: 'str' object has no attribute 'summary'
[2022-01-15 16:18:36,586: INFO: 02_transfer_learning_evnodd]: 
********************
[2022-01-15 16:18:36,586: INFO: 02_transfer_learning_evnodd]: >>>>> stage transfer learning started <<<<<
[2022-01-15 16:18:36,587: INFO: common]: yaml file: configs/config.yaml loaded successfully
[2022-01-15 16:18:37,425: INFO: 02_transfer_learning_evnodd]: loaded base model summary: 
Model: "sequential"
_________________________________________________________________
Layer (type)                 Output Shape              Param #   
=================================================================
input_layer (Flatten)        (None, 784)               0         
_________________________________________________________________
hidden_layer_1 (Dense)       (None, 300)               235500    
_________________________________________________________________
leaky_re_lu (LeakyReLU)      (None, 300)               0         
_________________________________________________________________
hidden_layer_2 (Dense)       (None, 100)               30100     
_________________________________________________________________
leaky_re_lu_1 (LeakyReLU)    (None, 100)               0         
_________________________________________________________________
output_layer (Dense)         (None, 10)                1010      
=================================================================
Total params: 266,610
Trainable params: 266,610
Non-trainable params: 0
_________________________________________________________________

[2022-01-15 16:18:37,447: INFO: 02_transfer_learning_evnodd]: loaded base model summary: 
Model: "sequential"
_________________________________________________________________
Layer (type)                 Output Shape              Param #   
=================================================================
input_layer (Flatten)        (None, 784)               0         
_________________________________________________________________
hidden_layer_1 (Dense)       (None, 300)               235500    
_________________________________________________________________
leaky_re_lu (LeakyReLU)      (None, 300)               0         
_________________________________________________________________
hidden_layer_2 (Dense)       (None, 100)               30100     
_________________________________________________________________
leaky_re_lu_1 (LeakyReLU)    (None, 100)               0         
_________________________________________________________________
output_layer (Dense)         (None, 2)                 202       
=================================================================
Total params: 265,802
Trainable params: 202
Non-trainable params: 265,600
_________________________________________________________________

[2022-01-15 16:18:50,767: ERROR: 02_transfer_learning_evnodd]: 'str' object has no attribute 'summary'
Traceback (most recent call last):
  File "src/02_transfer_learning_evnodd.py", line 97, in <module>
    main(config_path=parsed_args.config, params_path=parsed_args.params)
  File "src/02_transfer_learning_evnodd.py", line 84, in main
    logging.info(f"base model summary: \n {_log_model_summary(model_file_path)}")
  File "src/02_transfer_learning_evnodd.py", line 40, in _log_model_summary
    model.summary(print_fn= lambda x: stream.write(f"{x}\n"))
AttributeError: 'str' object has no attribute 'summary'
[2022-01-15 16:20:41,902: INFO: 02_transfer_learning_evnodd]: 
********************
[2022-01-15 16:20:41,902: INFO: 02_transfer_learning_evnodd]: >>>>> stage transfer learning started <<<<<
[2022-01-15 16:20:41,904: INFO: common]: yaml file: configs/config.yaml loaded successfully
[2022-01-15 16:20:42,620: INFO: 02_transfer_learning_evnodd]: loaded base model summary: 
Model: "sequential"
_________________________________________________________________
Layer (type)                 Output Shape              Param #   
=================================================================
input_layer (Flatten)        (None, 784)               0         
_________________________________________________________________
hidden_layer_1 (Dense)       (None, 300)               235500    
_________________________________________________________________
leaky_re_lu (LeakyReLU)      (None, 300)               0         
_________________________________________________________________
hidden_layer_2 (Dense)       (None, 100)               30100     
_________________________________________________________________
leaky_re_lu_1 (LeakyReLU)    (None, 100)               0         
_________________________________________________________________
output_layer (Dense)         (None, 10)                1010      
=================================================================
Total params: 266,610
Trainable params: 266,610
Non-trainable params: 0
_________________________________________________________________

[2022-01-15 16:20:42,640: INFO: 02_transfer_learning_evnodd]: loaded base model summary: 
Model: "sequential"
_________________________________________________________________
Layer (type)                 Output Shape              Param #   
=================================================================
input_layer (Flatten)        (None, 784)               0         
_________________________________________________________________
hidden_layer_1 (Dense)       (None, 300)               235500    
_________________________________________________________________
leaky_re_lu (LeakyReLU)      (None, 300)               0         
_________________________________________________________________
hidden_layer_2 (Dense)       (None, 100)               30100     
_________________________________________________________________
leaky_re_lu_1 (LeakyReLU)    (None, 100)               0         
_________________________________________________________________
output_layer (Dense)         (None, 2)                 202       
=================================================================
Total params: 265,802
Trainable params: 202
Non-trainable params: 265,600
_________________________________________________________________

[2022-01-15 16:20:55,764: ERROR: 02_transfer_learning_evnodd]: 'str' object has no attribute 'summary'
Traceback (most recent call last):
  File "src/02_transfer_learning_evnodd.py", line 98, in <module>
    main(config_path=parsed_args.config, params_path=parsed_args.params)
  File "src/02_transfer_learning_evnodd.py", line 85, in main
    logging.info(f"base model summary: \n {_log_model_summary(model_file_path)}")
  File "src/02_transfer_learning_evnodd.py", line 45, in _log_model_summary
    model.summary(print_fn= lambda x: stream.write(f"{x}\n"))
AttributeError: 'str' object has no attribute 'summary'
[2022-01-15 16:22:16,735: INFO: 02_transfer_learning_evnodd]: 
********************
[2022-01-15 16:22:16,735: INFO: 02_transfer_learning_evnodd]: >>>>> stage transfer learning started <<<<<
[2022-01-15 16:22:16,736: INFO: common]: yaml file: configs/config.yaml loaded successfully
[2022-01-15 16:22:17,453: INFO: 02_transfer_learning_evnodd]: loaded base model summary: 
Model: "sequential"
_________________________________________________________________
Layer (type)                 Output Shape              Param #   
=================================================================
input_layer (Flatten)        (None, 784)               0         
_________________________________________________________________
hidden_layer_1 (Dense)       (None, 300)               235500    
_________________________________________________________________
leaky_re_lu (LeakyReLU)      (None, 300)               0         
_________________________________________________________________
hidden_layer_2 (Dense)       (None, 100)               30100     
_________________________________________________________________
leaky_re_lu_1 (LeakyReLU)    (None, 100)               0         
_________________________________________________________________
output_layer (Dense)         (None, 10)                1010      
=================================================================
Total params: 266,610
Trainable params: 266,610
Non-trainable params: 0
_________________________________________________________________

[2022-01-15 16:22:18,226: INFO: 02_transfer_learning_evnodd]: base model evaluation metrics [0.3123839795589447, 0.9120000004768372]
[2022-01-15 16:22:18,245: INFO: 02_transfer_learning_evnodd]: loaded base model summary: 
Model: "sequential"
_________________________________________________________________
Layer (type)                 Output Shape              Param #   
=================================================================
input_layer (Flatten)        (None, 784)               0         
_________________________________________________________________
hidden_layer_1 (Dense)       (None, 300)               235500    
_________________________________________________________________
leaky_re_lu (LeakyReLU)      (None, 300)               0         
_________________________________________________________________
hidden_layer_2 (Dense)       (None, 100)               30100     
_________________________________________________________________
leaky_re_lu_1 (LeakyReLU)    (None, 100)               0         
_________________________________________________________________
output_layer (Dense)         (None, 2)                 202       
=================================================================
Total params: 265,802
Trainable params: 202
Non-trainable params: 265,600
_________________________________________________________________

[2022-01-15 16:22:31,111: ERROR: 02_transfer_learning_evnodd]: 'str' object has no attribute 'summary'
Traceback (most recent call last):
  File "src/02_transfer_learning_evnodd.py", line 99, in <module>
    main(config_path=parsed_args.config, params_path=parsed_args.params)
  File "src/02_transfer_learning_evnodd.py", line 86, in main
    logging.info(f"base model summary: \n {_log_model_summary(model_file_path)}")
  File "src/02_transfer_learning_evnodd.py", line 45, in _log_model_summary
    model.summary(print_fn= lambda x: stream.write(f"{x}\n"))
AttributeError: 'str' object has no attribute 'summary'
[2022-01-15 16:23:37,309: INFO: 02_transfer_learning_evnodd]: 
********************
[2022-01-15 16:23:37,309: INFO: 02_transfer_learning_evnodd]: >>>>> stage transfer learning started <<<<<
[2022-01-15 16:23:37,310: INFO: common]: yaml file: configs/config.yaml loaded successfully
[2022-01-15 16:23:38,079: INFO: 02_transfer_learning_evnodd]: loaded base model summary: 
Model: "sequential"
_________________________________________________________________
Layer (type)                 Output Shape              Param #   
=================================================================
input_layer (Flatten)        (None, 784)               0         
_________________________________________________________________
hidden_layer_1 (Dense)       (None, 300)               235500    
_________________________________________________________________
leaky_re_lu (LeakyReLU)      (None, 300)               0         
_________________________________________________________________
hidden_layer_2 (Dense)       (None, 100)               30100     
_________________________________________________________________
leaky_re_lu_1 (LeakyReLU)    (None, 100)               0         
_________________________________________________________________
output_layer (Dense)         (None, 10)                1010      
=================================================================
Total params: 266,610
Trainable params: 266,610
Non-trainable params: 0
_________________________________________________________________

[2022-01-15 16:23:38,858: INFO: 02_transfer_learning_evnodd]: base model evaluation metrics [0.3123839795589447, 0.9120000004768372]
[2022-01-15 16:23:38,882: INFO: 02_transfer_learning_evnodd]: transfer learning model summary: 
Model: "sequential"
_________________________________________________________________
Layer (type)                 Output Shape              Param #   
=================================================================
input_layer (Flatten)        (None, 784)               0         
_________________________________________________________________
hidden_layer_1 (Dense)       (None, 300)               235500    
_________________________________________________________________
leaky_re_lu (LeakyReLU)      (None, 300)               0         
_________________________________________________________________
hidden_layer_2 (Dense)       (None, 100)               30100     
_________________________________________________________________
leaky_re_lu_1 (LeakyReLU)    (None, 100)               0         
_________________________________________________________________
output_layer (Dense)         (None, 2)                 202       
=================================================================
Total params: 265,802
Trainable params: 202
Non-trainable params: 265,600
_________________________________________________________________

[2022-01-15 16:23:52,033: ERROR: 02_transfer_learning_evnodd]: 'str' object has no attribute 'summary'
Traceback (most recent call last):
  File "src/02_transfer_learning_evnodd.py", line 100, in <module>
    main(config_path=parsed_args.config, params_path=parsed_args.params)
  File "src/02_transfer_learning_evnodd.py", line 87, in main
    logging.info(f"base model summary: \n {_log_model_summary(model_file_path)}")
  File "src/02_transfer_learning_evnodd.py", line 45, in _log_model_summary
    model.summary(print_fn= lambda x: stream.write(f"{x}\n"))
AttributeError: 'str' object has no attribute 'summary'
[2022-01-15 16:24:23,160: INFO: 02_transfer_learning_evnodd]: 
********************
[2022-01-15 16:24:23,160: INFO: 02_transfer_learning_evnodd]: >>>>> stage transfer learning started <<<<<
[2022-01-15 16:24:23,160: INFO: common]: yaml file: configs/config.yaml loaded successfully
[2022-01-15 16:24:23,862: INFO: 02_transfer_learning_evnodd]: loaded base model summary: 
Model: "sequential"
_________________________________________________________________
Layer (type)                 Output Shape              Param #   
=================================================================
input_layer (Flatten)        (None, 784)               0         
_________________________________________________________________
hidden_layer_1 (Dense)       (None, 300)               235500    
_________________________________________________________________
leaky_re_lu (LeakyReLU)      (None, 300)               0         
_________________________________________________________________
hidden_layer_2 (Dense)       (None, 100)               30100     
_________________________________________________________________
leaky_re_lu_1 (LeakyReLU)    (None, 100)               0         
_________________________________________________________________
output_layer (Dense)         (None, 10)                1010      
=================================================================
Total params: 266,610
Trainable params: 266,610
Non-trainable params: 0
_________________________________________________________________

[2022-01-15 16:24:24,544: INFO: 02_transfer_learning_evnodd]: base model evaluation metrics [0.3123839795589447, 0.9120000004768372]
[2022-01-15 16:24:24,566: INFO: 02_transfer_learning_evnodd]: transfer learning model summary: 
Model: "sequential"
_________________________________________________________________
Layer (type)                 Output Shape              Param #   
=================================================================
input_layer (Flatten)        (None, 784)               0         
_________________________________________________________________
hidden_layer_1 (Dense)       (None, 300)               235500    
_________________________________________________________________
leaky_re_lu (LeakyReLU)      (None, 300)               0         
_________________________________________________________________
hidden_layer_2 (Dense)       (None, 100)               30100     
_________________________________________________________________
leaky_re_lu_1 (LeakyReLU)    (None, 100)               0         
_________________________________________________________________
output_layer (Dense)         (None, 2)                 202       
=================================================================
Total params: 265,802
Trainable params: 202
Non-trainable params: 265,600
_________________________________________________________________

[2022-01-15 16:24:37,266: ERROR: 02_transfer_learning_evnodd]: 'str' object has no attribute 'summary'
Traceback (most recent call last):
  File "src/02_transfer_learning_evnodd.py", line 100, in <module>
    main(config_path=parsed_args.config, params_path=parsed_args.params)
  File "src/02_transfer_learning_evnodd.py", line 87, in main
    logging.info(f"base model summary: \n {_log_model_summary(model_file_path)}")
  File "src/02_transfer_learning_evnodd.py", line 45, in _log_model_summary
    model.summary(print_fn= lambda x: stream.write(f"{x}\n"))
AttributeError: 'str' object has no attribute 'summary'
[2022-01-15 16:27:37,060: INFO: 02_transfer_learning_evnodd]: 
********************
[2022-01-15 16:27:37,060: INFO: 02_transfer_learning_evnodd]: >>>>> stage transfer learning started <<<<<
[2022-01-15 16:27:37,062: INFO: common]: yaml file: configs/config.yaml loaded successfully
[2022-01-15 16:27:37,736: INFO: 02_transfer_learning_evnodd]: loaded base model summary: 
Model: "sequential"
_________________________________________________________________
Layer (type)                 Output Shape              Param #   
=================================================================
input_layer (Flatten)        (None, 784)               0         
_________________________________________________________________
hidden_layer_1 (Dense)       (None, 300)               235500    
_________________________________________________________________
leaky_re_lu (LeakyReLU)      (None, 300)               0         
_________________________________________________________________
hidden_layer_2 (Dense)       (None, 100)               30100     
_________________________________________________________________
leaky_re_lu_1 (LeakyReLU)    (None, 100)               0         
_________________________________________________________________
output_layer (Dense)         (None, 10)                1010      
=================================================================
Total params: 266,610
Trainable params: 266,610
Non-trainable params: 0
_________________________________________________________________

[2022-01-15 16:27:38,476: INFO: 02_transfer_learning_evnodd]: base model evaluation metrics [0.3123839795589447, 0.9120000004768372]
[2022-01-15 16:27:38,497: INFO: 02_transfer_learning_evnodd]: transfer learning model summary: 
Model: "sequential"
_________________________________________________________________
Layer (type)                 Output Shape              Param #   
=================================================================
input_layer (Flatten)        (None, 784)               0         
_________________________________________________________________
hidden_layer_1 (Dense)       (None, 300)               235500    
_________________________________________________________________
leaky_re_lu (LeakyReLU)      (None, 300)               0         
_________________________________________________________________
hidden_layer_2 (Dense)       (None, 100)               30100     
_________________________________________________________________
leaky_re_lu_1 (LeakyReLU)    (None, 100)               0         
_________________________________________________________________
output_layer (Dense)         (None, 2)                 202       
=================================================================
Total params: 265,802
Trainable params: 202
Non-trainable params: 265,600
_________________________________________________________________

[2022-01-15 16:27:51,100: ERROR: 02_transfer_learning_evnodd]: 'str' object has no attribute 'summary'
Traceback (most recent call last):
  File "src/02_transfer_learning_evnodd.py", line 101, in <module>
    main(config_path=parsed_args.config, params_path=parsed_args.params)
  File "src/02_transfer_learning_evnodd.py", line 88, in main
    logging.info(f"base model summary: \n {_log_model_summary(model_file_path)}")
  File "src/02_transfer_learning_evnodd.py", line 45, in _log_model_summary
    model.summary(print_fn= lambda x: stream.write(f"{x}\n"))
AttributeError: 'str' object has no attribute 'summary'
[2022-01-15 16:31:19,918: INFO: 02_transfer_learning_evnodd]: 
********************
[2022-01-15 16:31:19,918: INFO: 02_transfer_learning_evnodd]: >>>>> stage transfer learning started <<<<<
[2022-01-15 16:31:19,918: INFO: common]: yaml file: configs/config.yaml loaded successfully
[2022-01-15 16:31:20,633: INFO: 02_transfer_learning_evnodd]: loaded base model summary: 
Model: "sequential"
_________________________________________________________________
Layer (type)                 Output Shape              Param #   
=================================================================
input_layer (Flatten)        (None, 784)               0         
_________________________________________________________________
hidden_layer_1 (Dense)       (None, 300)               235500    
_________________________________________________________________
leaky_re_lu (LeakyReLU)      (None, 300)               0         
_________________________________________________________________
hidden_layer_2 (Dense)       (None, 100)               30100     
_________________________________________________________________
leaky_re_lu_1 (LeakyReLU)    (None, 100)               0         
_________________________________________________________________
output_layer (Dense)         (None, 10)                1010      
=================================================================
Total params: 266,610
Trainable params: 266,610
Non-trainable params: 0
_________________________________________________________________

[2022-01-15 16:31:21,394: INFO: 02_transfer_learning_evnodd]: base model evaluation metrics [0.3123839795589447, 0.9120000004768372]
[2022-01-15 16:31:21,415: INFO: 02_transfer_learning_evnodd]: transfer learning model summary: 
Model: "sequential"
_________________________________________________________________
Layer (type)                 Output Shape              Param #   
=================================================================
input_layer (Flatten)        (None, 784)               0         
_________________________________________________________________
hidden_layer_1 (Dense)       (None, 300)               235500    
_________________________________________________________________
leaky_re_lu (LeakyReLU)      (None, 300)               0         
_________________________________________________________________
hidden_layer_2 (Dense)       (None, 100)               30100     
_________________________________________________________________
leaky_re_lu_1 (LeakyReLU)    (None, 100)               0         
_________________________________________________________________
output_layer (Dense)         (None, 2)                 202       
=================================================================
Total params: 265,802
Trainable params: 202
Non-trainable params: 265,600
_________________________________________________________________

[2022-01-15 16:31:35,405: ERROR: 02_transfer_learning_evnodd]: 'str' object has no attribute 'summary'
Traceback (most recent call last):
  File "src/02_transfer_learning_evnodd.py", line 101, in <module>
    main(config_path=parsed_args.config, params_path=parsed_args.params)
  File "src/02_transfer_learning_evnodd.py", line 88, in main
    logging.info(f"base model summary: \n {_log_model_summary(model_file_path)}")
  File "src/02_transfer_learning_evnodd.py", line 45, in _log_model_summary
    model.summary(print_fn= lambda x: stream.write(f"{x}\n"))
AttributeError: 'str' object has no attribute 'summary'
[2022-01-15 16:33:21,978: INFO: 02_transfer_learning_evnodd]: 
********************
[2022-01-15 16:33:21,978: INFO: 02_transfer_learning_evnodd]: >>>>> stage transfer learning started <<<<<
[2022-01-15 16:33:21,979: INFO: common]: yaml file: configs/config.yaml loaded successfully
[2022-01-15 16:33:22,665: INFO: 02_transfer_learning_evnodd]: loaded base model summary: 
Model: "sequential"
_________________________________________________________________
Layer (type)                 Output Shape              Param #   
=================================================================
input_layer (Flatten)        (None, 784)               0         
_________________________________________________________________
hidden_layer_1 (Dense)       (None, 300)               235500    
_________________________________________________________________
leaky_re_lu (LeakyReLU)      (None, 300)               0         
_________________________________________________________________
hidden_layer_2 (Dense)       (None, 100)               30100     
_________________________________________________________________
leaky_re_lu_1 (LeakyReLU)    (None, 100)               0         
_________________________________________________________________
output_layer (Dense)         (None, 10)                1010      
=================================================================
Total params: 266,610
Trainable params: 266,610
Non-trainable params: 0
_________________________________________________________________

[2022-01-15 16:33:23,339: INFO: 02_transfer_learning_evnodd]: base model evaluation metrics [0.3123839795589447, 0.9120000004768372]
[2022-01-15 16:33:23,358: INFO: 02_transfer_learning_evnodd]: transfer learning model summary: 
Model: "sequential"
_________________________________________________________________
Layer (type)                 Output Shape              Param #   
=================================================================
input_layer (Flatten)        (None, 784)               0         
_________________________________________________________________
hidden_layer_1 (Dense)       (None, 300)               235500    
_________________________________________________________________
leaky_re_lu (LeakyReLU)      (None, 300)               0         
_________________________________________________________________
hidden_layer_2 (Dense)       (None, 100)               30100     
_________________________________________________________________
leaky_re_lu_1 (LeakyReLU)    (None, 100)               0         
_________________________________________________________________
output_layer (Dense)         (None, 2)                 202       
=================================================================
Total params: 265,802
Trainable params: 202
Non-trainable params: 265,600
_________________________________________________________________

[2022-01-15 16:33:34,187: INFO: 02_transfer_learning_evnodd]: base model is saved at artifacts\models\even_odd_model.h5
[2022-01-15 16:33:34,501: INFO: 02_transfer_learning_evnodd]: evaluation metrics [0.2901979386806488, 0.8795999884605408]
[2022-01-15 16:33:34,529: INFO: 02_transfer_learning_evnodd]: >>>>> stage transfer learning completed!<<<<<

